2023-10-20 09:24:29.967 [background-preinit] INFO  o.h.validator.internal.util.Version.<clinit> - HV000001: Hibernate Validator 8.0.0.Final
2023-10-20 09:24:30.073 [restartedMain] INFO  MyImdb.demo.DemoApplication.logStarting - Starting DemoApplication using Java 18.0.2.1 with PID 8320 (C:\Users\diogo.correia\Documents\gh\PersonalImdb\demo\target\classes started by diogo.correia in C:\Users\diogo.correia\Documents\gh\PersonalImdb\demo)
2023-10-20 09:24:30.074 [restartedMain] DEBUG MyImdb.demo.DemoApplication.logStarting - Running with Spring Boot v3.0.1, Spring v6.0.3
2023-10-20 09:24:30.076 [restartedMain] INFO  MyImdb.demo.DemoApplication.logStartupProfileInfo - No active profile set, falling back to 1 default profile: "default"
2023-10-20 09:24:30.186 [restartedMain] INFO  o.s.b.d.e.DevToolsPropertyDefaultsPostProcessor.logTo - Devtools property defaults active! Set 'spring.devtools.add-properties' to 'false' to disable
2023-10-20 09:24:30.186 [restartedMain] INFO  o.s.b.d.e.DevToolsPropertyDefaultsPostProcessor.logTo - For additional web related logging consider setting the 'logging.level.web' property to 'DEBUG'
2023-10-20 09:24:32.359 [restartedMain] INFO  o.s.d.r.c.RepositoryConfigurationDelegate.registerRepositoriesIn - Bootstrapping Spring Data JPA repositories in DEFAULT mode.
2023-10-20 09:24:32.502 [restartedMain] INFO  o.s.d.r.c.RepositoryConfigurationDelegate.registerRepositoriesIn - Finished Spring Data repository scanning in 128 ms. Found 3 JPA repository interfaces.
2023-10-20 09:24:33.616 [restartedMain] INFO  o.s.b.w.e.tomcat.TomcatWebServer.initialize - Tomcat initialized with port(s): 8080 (http)
2023-10-20 09:24:33.634 [restartedMain] INFO  o.a.coyote.http11.Http11NioProtocol.log - Initializing ProtocolHandler ["http-nio-8080"]
2023-10-20 09:24:33.636 [restartedMain] INFO  o.a.catalina.core.StandardService.log - Starting service [Tomcat]
2023-10-20 09:24:33.636 [restartedMain] INFO  o.a.catalina.core.StandardEngine.log - Starting Servlet engine: [Apache Tomcat/10.1.4]
2023-10-20 09:24:33.748 [restartedMain] INFO  o.a.c.c.C.[Tomcat].[localhost].[/].log - Initializing Spring embedded WebApplicationContext
2023-10-20 09:24:33.752 [restartedMain] INFO  o.s.b.w.s.c.ServletWebServerApplicationContext.prepareWebApplicationContext - Root WebApplicationContext: initialization completed in 3562 ms
2023-10-20 09:24:34.032 [restartedMain] INFO  o.h.jpa.internal.util.LogHelper.logPersistenceUnitInformation - HHH000204: Processing PersistenceUnitInfo [name: default]
2023-10-20 09:24:34.146 [restartedMain] INFO  org.hibernate.Version.logVersion - HHH000412: Hibernate ORM core version 6.1.6.Final
2023-10-20 09:24:34.436 [restartedMain] WARN  org.hibernate.orm.deprecation.lambda$new$1 - HHH90000021: Encountered deprecated setting [javax.persistence.sharedCache.mode], use [jakarta.persistence.sharedCache.mode] instead
2023-10-20 09:24:34.621 [restartedMain] INFO  com.zaxxer.hikari.HikariDataSource.getConnection - HikariPool-1 - Starting...
2023-10-20 09:24:35.115 [restartedMain] INFO  com.zaxxer.hikari.pool.HikariPool.checkFailFast - HikariPool-1 - Added connection com.mysql.cj.jdbc.ConnectionImpl@6248e7fe
2023-10-20 09:24:35.119 [restartedMain] INFO  com.zaxxer.hikari.HikariDataSource.getConnection - HikariPool-1 - Start completed.
2023-10-20 09:24:35.214 [restartedMain] INFO  SQL dialect.logSelectedDialect - HHH000400: Using dialect: org.hibernate.dialect.MySQLDialect
2023-10-20 09:24:36.591 [restartedMain] INFO  o.h.e.t.j.p.i.JtaPlatformInitiator.initiateService - HHH000490: Using JtaPlatform implementation: [org.hibernate.engine.transaction.jta.platform.internal.NoJtaPlatform]
2023-10-20 09:24:36.603 [restartedMain] INFO  o.s.o.j.LocalContainerEntityManagerFactoryBean.buildNativeEntityManagerFactory - Initialized JPA EntityManagerFactory for persistence unit 'default'
2023-10-20 09:24:37.483 [restartedMain] DEBUG M.d.config.JwtAuthenticationFilter.init - Filter 'jwtAuthenticationFilter' configured for use
2023-10-20 09:24:38.269 [restartedMain] WARN  o.s.b.a.o.j.JpaBaseConfiguration$JpaWebConfiguration.openEntityManagerInViewInterceptor - spring.jpa.open-in-view is enabled by default. Therefore, database queries may be performed during view rendering. Explicitly configure spring.jpa.open-in-view to disable this warning
2023-10-20 09:24:38.598 [restartedMain] INFO  o.s.s.web.DefaultSecurityFilterChain.<init> - Will secure any request with [org.springframework.security.web.session.DisableEncodeUrlFilter@50b658a6, org.springframework.security.web.context.request.async.WebAsyncManagerIntegrationFilter@5e01abd, org.springframework.security.web.context.SecurityContextHolderFilter@1cdd4b46, org.springframework.security.web.header.HeaderWriterFilter@5aa5ddba, org.springframework.web.filter.CorsFilter@3b30263e, org.springframework.security.web.authentication.logout.LogoutFilter@3baef932, MyImdb.demo.config.JwtAuthenticationFilter@51d05279, org.springframework.security.web.savedrequest.RequestCacheAwareFilter@1e39bd81, org.springframework.security.web.servletapi.SecurityContextHolderAwareRequestFilter@30b1f235, org.springframework.security.web.authentication.AnonymousAuthenticationFilter@2542e265, org.springframework.security.web.session.SessionManagementFilter@3e8d4e50, org.springframework.security.web.access.ExceptionTranslationFilter@da23e98, org.springframework.security.web.access.intercept.AuthorizationFilter@1a59eb56]
2023-10-20 09:24:38.817 [restartedMain] WARN  o.s.b.a.t.ThymeleafAutoConfiguration$DefaultTemplateResolverConfiguration.checkTemplateLocationExists - Cannot find template location: classpath:/templates/ (please add some templates, check your Thymeleaf configuration, or set spring.thymeleaf.check-template-location=false)
2023-10-20 09:24:39.187 [restartedMain] INFO  o.s.b.d.a.OptionalLiveReloadServer.startServer - LiveReload server is running on port 35729
2023-10-20 09:24:39.209 [restartedMain] INFO  o.a.coyote.http11.Http11NioProtocol.log - Starting ProtocolHandler ["http-nio-8080"]
2023-10-20 09:24:39.251 [restartedMain] INFO  o.s.b.w.e.tomcat.TomcatWebServer.start - Tomcat started on port(s): 8080 (http) with context path ''
2023-10-20 09:24:39.283 [restartedMain] INFO  MyImdb.demo.DemoApplication.logStarted - Started DemoApplication in 10.226 seconds (process running for 14.246)
2023-10-20 09:25:23.175 [http-nio-8080-exec-1] INFO  o.a.c.c.C.[Tomcat].[localhost].[/].log - Initializing Spring DispatcherServlet 'dispatcherServlet'
2023-10-20 09:25:23.176 [http-nio-8080-exec-1] INFO  o.s.web.servlet.DispatcherServlet.initServletBean - Initializing Servlet 'dispatcherServlet'
2023-10-20 09:25:23.177 [http-nio-8080-exec-1] INFO  o.s.web.servlet.DispatcherServlet.initServletBean - Completed initialization in 1 ms
2023-10-20 09:25:23.245 [http-nio-8080-exec-1] ERROR MyImdb.demo.config.JwtService.extractAllClaims - Expired JWT
2023-10-20 09:25:23.246 [http-nio-8080-exec-1] ERROR o.a.c.c.C.[.[.[.[dispatcherServlet].log - Servlet.service() for servlet [dispatcherServlet] in context with path [] threw exception
java.lang.NullPointerException: null
	at MyImdb.demo.config.JwtService.extractClaim(JwtService.java:44)
	at MyImdb.demo.config.JwtService.extractUsername(JwtService.java:34)
	at MyImdb.demo.config.JwtAuthenticationFilter.doFilterInternal(JwtAuthenticationFilter.java:44)
	at org.springframework.web.filter.OncePerRequestFilter.doFilter(OncePerRequestFilter.java:116)
	at org.springframework.security.web.FilterChainProxy$VirtualFilterChain.doFilter(FilterChainProxy.java:374)
	at org.springframework.security.web.authentication.logout.LogoutFilter.doFilter(LogoutFilter.java:107)
	at org.springframework.security.web.authentication.logout.LogoutFilter.doFilter(LogoutFilter.java:93)
	at org.springframework.security.web.FilterChainProxy$VirtualFilterChain.doFilter(FilterChainProxy.java:374)
	at org.springframework.web.filter.CorsFilter.doFilterInternal(CorsFilter.java:91)
	at org.springframework.web.filter.OncePerRequestFilter.doFilter(OncePerRequestFilter.java:116)
	at org.springframework.security.web.FilterChainProxy$VirtualFilterChain.doFilter(FilterChainProxy.java:374)
	at org.springframework.security.web.header.HeaderWriterFilter.doHeadersAfter(HeaderWriterFilter.java:90)
	at org.springframework.security.web.header.HeaderWriterFilter.doFilterInternal(HeaderWriterFilter.java:75)
	at org.springframework.web.filter.OncePerRequestFilter.doFilter(OncePerRequestFilter.java:116)
	at org.springframework.security.web.FilterChainProxy$VirtualFilterChain.doFilter(FilterChainProxy.java:374)
	at org.springframework.security.web.context.SecurityContextHolderFilter.doFilter(SecurityContextHolderFilter.java:82)
	at org.springframework.security.web.context.SecurityContextHolderFilter.doFilter(SecurityContextHolderFilter.java:69)
	at org.springframework.security.web.FilterChainProxy$VirtualFilterChain.doFilter(FilterChainProxy.java:374)
	at org.springframework.security.web.context.request.async.WebAsyncManagerIntegrationFilter.doFilterInternal(WebAsyncManagerIntegrationFilter.java:62)
	at org.springframework.web.filter.OncePerRequestFilter.doFilter(OncePerRequestFilter.java:116)
	at org.springframework.security.web.FilterChainProxy$VirtualFilterChain.doFilter(FilterChainProxy.java:374)
	at org.springframework.security.web.session.DisableEncodeUrlFilter.doFilterInternal(DisableEncodeUrlFilter.java:42)
	at org.springframework.web.filter.OncePerRequestFilter.doFilter(OncePerRequestFilter.java:116)
	at org.springframework.security.web.FilterChainProxy$VirtualFilterChain.doFilter(FilterChainProxy.java:374)
	at org.springframework.security.web.FilterChainProxy.doFilterInternal(FilterChainProxy.java:233)
	at org.springframework.security.web.FilterChainProxy.doFilter(FilterChainProxy.java:191)
	at org.springframework.web.filter.DelegatingFilterProxy.invokeDelegate(DelegatingFilterProxy.java:351)
	at org.springframework.web.filter.DelegatingFilterProxy.doFilter(DelegatingFilterProxy.java:267)
	at org.apache.catalina.core.ApplicationFilterChain.internalDoFilter(ApplicationFilterChain.java:185)
	at org.apache.catalina.core.ApplicationFilterChain.doFilter(ApplicationFilterChain.java:158)
	at org.springframework.web.filter.RequestContextFilter.doFilterInternal(RequestContextFilter.java:100)
	at org.springframework.web.filter.OncePerRequestFilter.doFilter(OncePerRequestFilter.java:116)
	at org.apache.catalina.core.ApplicationFilterChain.internalDoFilter(ApplicationFilterChain.java:185)
	at org.apache.catalina.core.ApplicationFilterChain.doFilter(ApplicationFilterChain.java:158)
	at org.springframework.web.filter.FormContentFilter.doFilterInternal(FormContentFilter.java:93)
	at org.springframework.web.filter.OncePerRequestFilter.doFilter(OncePerRequestFilter.java:116)
	at org.apache.catalina.core.ApplicationFilterChain.internalDoFilter(ApplicationFilterChain.java:185)
	at org.apache.catalina.core.ApplicationFilterChain.doFilter(ApplicationFilterChain.java:158)
	at org.springframework.web.filter.CharacterEncodingFilter.doFilterInternal(CharacterEncodingFilter.java:201)
	at org.springframework.web.filter.OncePerRequestFilter.doFilter(OncePerRequestFilter.java:116)
	at org.apache.catalina.core.ApplicationFilterChain.internalDoFilter(ApplicationFilterChain.java:185)
	at org.apache.catalina.core.ApplicationFilterChain.doFilter(ApplicationFilterChain.java:158)
	at org.apache.catalina.core.StandardWrapperValve.invoke(StandardWrapperValve.java:177)
	at org.apache.catalina.core.StandardContextValve.invoke(StandardContextValve.java:97)
	at org.apache.catalina.authenticator.AuthenticatorBase.invoke(AuthenticatorBase.java:542)
	at org.apache.catalina.core.StandardHostValve.invoke(StandardHostValve.java:119)
	at org.apache.catalina.valves.ErrorReportValve.invoke(ErrorReportValve.java:92)
	at org.apache.catalina.core.StandardEngineValve.invoke(StandardEngineValve.java:78)
	at org.apache.catalina.connector.CoyoteAdapter.service(CoyoteAdapter.java:357)
	at org.apache.coyote.http11.Http11Processor.service(Http11Processor.java:400)
	at org.apache.coyote.AbstractProcessorLight.process(AbstractProcessorLight.java:65)
	at org.apache.coyote.AbstractProtocol$ConnectionHandler.process(AbstractProtocol.java:859)
	at org.apache.tomcat.util.net.NioEndpoint$SocketProcessor.doRun(NioEndpoint.java:1734)
	at org.apache.tomcat.util.net.SocketProcessorBase.run(SocketProcessorBase.java:52)
	at org.apache.tomcat.util.threads.ThreadPoolExecutor.runWorker(ThreadPoolExecutor.java:1191)
	at org.apache.tomcat.util.threads.ThreadPoolExecutor$Worker.run(ThreadPoolExecutor.java:659)
	at org.apache.tomcat.util.threads.TaskThread$WrappingRunnable.run(TaskThread.java:61)
	at java.base/java.lang.Thread.run(Thread.java:833)
2023-10-20 09:25:29.993 [http-nio-8080-exec-3] INFO  M.demo.service.AuthenticationService.authenticate - User "admin" logged in
2023-10-20 09:25:30.014 [http-nio-8080-exec-3] INFO  M.demo.service.AuthenticationService.authenticate - Authentication generated JWT: eyJhbGciOiJIUzI1NiJ9.eyJyb2xlIjoiVVNFUiIsInVzZXJJZCI6MSwic3ViIjoiYWRtaW4iLCJpYXQiOjE2OTc3OTAzMjksImV4cCI6MTY5Nzc5MTc2OX0.eJS-kol1pW7liKPlxU-rQIXZo8d2lSK6Bp-rEk7ssXQ
2023-10-20 09:25:45.451 [SpringApplicationShutdownHook] INFO  o.s.o.j.LocalContainerEntityManagerFactoryBean.destroy - Closing JPA EntityManagerFactory for persistence unit 'default'
2023-10-20 09:25:45.456 [SpringApplicationShutdownHook] INFO  com.zaxxer.hikari.HikariDataSource.close - HikariPool-1 - Shutdown initiated...
2023-10-20 09:25:45.465 [SpringApplicationShutdownHook] INFO  com.zaxxer.hikari.HikariDataSource.close - HikariPool-1 - Shutdown completed.
2023-10-20 09:26:48.365 [background-preinit] INFO  o.h.validator.internal.util.Version.<clinit> - HV000001: Hibernate Validator 8.0.0.Final
2023-10-20 09:26:48.388 [restartedMain] INFO  MyImdb.demo.DemoApplication.logStarting - Starting DemoApplication using Java 18.0.2.1 with PID 20652 (C:\Users\diogo.correia\Documents\gh\PersonalImdb\demo\target\classes started by diogo.correia in C:\Users\diogo.correia\Documents\gh\PersonalImdb\demo)
2023-10-20 09:26:48.388 [restartedMain] DEBUG MyImdb.demo.DemoApplication.logStarting - Running with Spring Boot v3.0.1, Spring v6.0.3
2023-10-20 09:26:48.389 [restartedMain] INFO  MyImdb.demo.DemoApplication.logStartupProfileInfo - No active profile set, falling back to 1 default profile: "default"
2023-10-20 09:26:48.436 [restartedMain] INFO  o.s.b.d.e.DevToolsPropertyDefaultsPostProcessor.logTo - Devtools property defaults active! Set 'spring.devtools.add-properties' to 'false' to disable
2023-10-20 09:26:48.437 [restartedMain] INFO  o.s.b.d.e.DevToolsPropertyDefaultsPostProcessor.logTo - For additional web related logging consider setting the 'logging.level.web' property to 'DEBUG'
2023-10-20 09:26:49.634 [restartedMain] INFO  o.s.d.r.c.RepositoryConfigurationDelegate.registerRepositoriesIn - Bootstrapping Spring Data JPA repositories in DEFAULT mode.
2023-10-20 09:26:49.736 [restartedMain] INFO  o.s.d.r.c.RepositoryConfigurationDelegate.registerRepositoriesIn - Finished Spring Data repository scanning in 92 ms. Found 3 JPA repository interfaces.
2023-10-20 09:26:50.737 [restartedMain] INFO  o.s.b.w.e.tomcat.TomcatWebServer.initialize - Tomcat initialized with port(s): 8080 (http)
2023-10-20 09:26:50.754 [restartedMain] INFO  o.a.coyote.http11.Http11NioProtocol.log - Initializing ProtocolHandler ["http-nio-8080"]
2023-10-20 09:26:50.755 [restartedMain] INFO  o.a.catalina.core.StandardService.log - Starting service [Tomcat]
2023-10-20 09:26:50.756 [restartedMain] INFO  o.a.catalina.core.StandardEngine.log - Starting Servlet engine: [Apache Tomcat/10.1.4]
2023-10-20 09:26:50.904 [restartedMain] INFO  o.a.c.c.C.[Tomcat].[localhost].[/].log - Initializing Spring embedded WebApplicationContext
2023-10-20 09:26:50.907 [restartedMain] INFO  o.s.b.w.s.c.ServletWebServerApplicationContext.prepareWebApplicationContext - Root WebApplicationContext: initialization completed in 2468 ms
2023-10-20 09:26:51.151 [restartedMain] INFO  o.h.jpa.internal.util.LogHelper.logPersistenceUnitInformation - HHH000204: Processing PersistenceUnitInfo [name: default]
2023-10-20 09:26:51.249 [restartedMain] INFO  org.hibernate.Version.logVersion - HHH000412: Hibernate ORM core version 6.1.6.Final
2023-10-20 09:26:51.513 [restartedMain] WARN  org.hibernate.orm.deprecation.lambda$new$1 - HHH90000021: Encountered deprecated setting [javax.persistence.sharedCache.mode], use [jakarta.persistence.sharedCache.mode] instead
2023-10-20 09:26:51.662 [restartedMain] INFO  com.zaxxer.hikari.HikariDataSource.getConnection - HikariPool-1 - Starting...
2023-10-20 09:26:52.066 [restartedMain] INFO  com.zaxxer.hikari.pool.HikariPool.checkFailFast - HikariPool-1 - Added connection com.mysql.cj.jdbc.ConnectionImpl@42f563e5
2023-10-20 09:26:52.069 [restartedMain] INFO  com.zaxxer.hikari.HikariDataSource.getConnection - HikariPool-1 - Start completed.
2023-10-20 09:26:52.144 [restartedMain] INFO  SQL dialect.logSelectedDialect - HHH000400: Using dialect: org.hibernate.dialect.MySQLDialect
2023-10-20 09:26:53.392 [restartedMain] INFO  o.h.e.t.j.p.i.JtaPlatformInitiator.initiateService - HHH000490: Using JtaPlatform implementation: [org.hibernate.engine.transaction.jta.platform.internal.NoJtaPlatform]
2023-10-20 09:26:53.406 [restartedMain] INFO  o.s.o.j.LocalContainerEntityManagerFactoryBean.buildNativeEntityManagerFactory - Initialized JPA EntityManagerFactory for persistence unit 'default'
2023-10-20 09:26:54.168 [restartedMain] DEBUG M.d.config.JwtAuthenticationFilter.init - Filter 'jwtAuthenticationFilter' configured for use
2023-10-20 09:26:54.783 [restartedMain] WARN  o.s.b.a.o.j.JpaBaseConfiguration$JpaWebConfiguration.openEntityManagerInViewInterceptor - spring.jpa.open-in-view is enabled by default. Therefore, database queries may be performed during view rendering. Explicitly configure spring.jpa.open-in-view to disable this warning
2023-10-20 09:26:55.072 [restartedMain] INFO  o.s.s.web.DefaultSecurityFilterChain.<init> - Will secure any request with [org.springframework.security.web.session.DisableEncodeUrlFilter@6c86246a, org.springframework.security.web.context.request.async.WebAsyncManagerIntegrationFilter@6f61f7e9, org.springframework.security.web.context.SecurityContextHolderFilter@796fb5f5, org.springframework.security.web.header.HeaderWriterFilter@4f6c9356, org.springframework.web.filter.CorsFilter@445830b9, org.springframework.security.web.authentication.logout.LogoutFilter@750cdebd, MyImdb.demo.config.JwtAuthenticationFilter@3dd91b6f, org.springframework.security.web.savedrequest.RequestCacheAwareFilter@5a097ecc, org.springframework.security.web.servletapi.SecurityContextHolderAwareRequestFilter@2f0846f5, org.springframework.security.web.authentication.AnonymousAuthenticationFilter@7306178, org.springframework.security.web.session.SessionManagementFilter@5128f341, org.springframework.security.web.access.ExceptionTranslationFilter@4e38ab1a, org.springframework.security.web.access.intercept.AuthorizationFilter@28757229]
2023-10-20 09:26:55.271 [restartedMain] WARN  o.s.b.a.t.ThymeleafAutoConfiguration$DefaultTemplateResolverConfiguration.checkTemplateLocationExists - Cannot find template location: classpath:/templates/ (please add some templates, check your Thymeleaf configuration, or set spring.thymeleaf.check-template-location=false)
2023-10-20 09:26:55.583 [restartedMain] INFO  o.s.b.d.a.OptionalLiveReloadServer.startServer - LiveReload server is running on port 35729
2023-10-20 09:26:55.599 [restartedMain] INFO  o.a.coyote.http11.Http11NioProtocol.log - Starting ProtocolHandler ["http-nio-8080"]
2023-10-20 09:26:55.624 [restartedMain] INFO  o.s.b.w.e.tomcat.TomcatWebServer.start - Tomcat started on port(s): 8080 (http) with context path ''
2023-10-20 09:26:55.642 [restartedMain] INFO  MyImdb.demo.DemoApplication.logStarted - Started DemoApplication in 7.705 seconds (process running for 8.132)
2023-10-20 09:27:02.281 [http-nio-8080-exec-1] INFO  o.a.c.c.C.[Tomcat].[localhost].[/].log - Initializing Spring DispatcherServlet 'dispatcherServlet'
2023-10-20 09:27:02.281 [http-nio-8080-exec-1] INFO  o.s.web.servlet.DispatcherServlet.initServletBean - Initializing Servlet 'dispatcherServlet'
2023-10-20 09:27:02.282 [http-nio-8080-exec-1] INFO  o.s.web.servlet.DispatcherServlet.initServletBean - Completed initialization in 1 ms
2023-10-20 09:27:29.928 [SpringApplicationShutdownHook] INFO  o.s.o.j.LocalContainerEntityManagerFactoryBean.destroy - Closing JPA EntityManagerFactory for persistence unit 'default'
2023-10-20 09:27:29.933 [SpringApplicationShutdownHook] INFO  com.zaxxer.hikari.HikariDataSource.close - HikariPool-1 - Shutdown initiated...
2023-10-20 09:27:29.944 [SpringApplicationShutdownHook] INFO  com.zaxxer.hikari.HikariDataSource.close - HikariPool-1 - Shutdown completed.
2023-10-20 09:30:32.355 [background-preinit] INFO  o.h.validator.internal.util.Version.<clinit> - HV000001: Hibernate Validator 8.0.0.Final
2023-10-20 09:30:32.417 [restartedMain] INFO  MyImdb.demo.DemoApplication.logStarting - Starting DemoApplication using Java 18.0.2.1 with PID 20200 (C:\Users\diogo.correia\Documents\gh\PersonalImdb\demo\target\classes started by diogo.correia in C:\Users\diogo.correia\Documents\gh\PersonalImdb\demo)
2023-10-20 09:30:32.418 [restartedMain] DEBUG MyImdb.demo.DemoApplication.logStarting - Running with Spring Boot v3.0.1, Spring v6.0.3
2023-10-20 09:30:32.419 [restartedMain] INFO  MyImdb.demo.DemoApplication.logStartupProfileInfo - No active profile set, falling back to 1 default profile: "default"
2023-10-20 09:30:32.501 [restartedMain] INFO  o.s.b.d.e.DevToolsPropertyDefaultsPostProcessor.logTo - Devtools property defaults active! Set 'spring.devtools.add-properties' to 'false' to disable
2023-10-20 09:30:32.502 [restartedMain] INFO  o.s.b.d.e.DevToolsPropertyDefaultsPostProcessor.logTo - For additional web related logging consider setting the 'logging.level.web' property to 'DEBUG'
2023-10-20 09:30:33.907 [restartedMain] INFO  o.s.d.r.c.RepositoryConfigurationDelegate.registerRepositoriesIn - Bootstrapping Spring Data JPA repositories in DEFAULT mode.
2023-10-20 09:30:34.003 [restartedMain] INFO  o.s.d.r.c.RepositoryConfigurationDelegate.registerRepositoriesIn - Finished Spring Data repository scanning in 83 ms. Found 3 JPA repository interfaces.
2023-10-20 09:30:35.033 [restartedMain] INFO  o.s.b.w.e.tomcat.TomcatWebServer.initialize - Tomcat initialized with port(s): 8080 (http)
2023-10-20 09:30:35.051 [restartedMain] INFO  o.a.coyote.http11.Http11NioProtocol.log - Initializing ProtocolHandler ["http-nio-8080"]
2023-10-20 09:30:35.053 [restartedMain] INFO  o.a.catalina.core.StandardService.log - Starting service [Tomcat]
2023-10-20 09:30:35.053 [restartedMain] INFO  o.a.catalina.core.StandardEngine.log - Starting Servlet engine: [Apache Tomcat/10.1.4]
2023-10-20 09:30:35.164 [restartedMain] INFO  o.a.c.c.C.[Tomcat].[localhost].[/].log - Initializing Spring embedded WebApplicationContext
2023-10-20 09:30:35.166 [restartedMain] INFO  o.s.b.w.s.c.ServletWebServerApplicationContext.prepareWebApplicationContext - Root WebApplicationContext: initialization completed in 2661 ms
2023-10-20 09:30:35.410 [restartedMain] INFO  o.h.jpa.internal.util.LogHelper.logPersistenceUnitInformation - HHH000204: Processing PersistenceUnitInfo [name: default]
2023-10-20 09:30:35.513 [restartedMain] INFO  org.hibernate.Version.logVersion - HHH000412: Hibernate ORM core version 6.1.6.Final
2023-10-20 09:30:35.768 [restartedMain] WARN  org.hibernate.orm.deprecation.lambda$new$1 - HHH90000021: Encountered deprecated setting [javax.persistence.sharedCache.mode], use [jakarta.persistence.sharedCache.mode] instead
2023-10-20 09:30:35.911 [restartedMain] INFO  com.zaxxer.hikari.HikariDataSource.getConnection - HikariPool-1 - Starting...
2023-10-20 09:30:36.490 [restartedMain] INFO  com.zaxxer.hikari.pool.HikariPool.checkFailFast - HikariPool-1 - Added connection com.mysql.cj.jdbc.ConnectionImpl@73f2ba31
2023-10-20 09:30:36.493 [restartedMain] INFO  com.zaxxer.hikari.HikariDataSource.getConnection - HikariPool-1 - Start completed.
2023-10-20 09:30:36.596 [restartedMain] INFO  SQL dialect.logSelectedDialect - HHH000400: Using dialect: org.hibernate.dialect.MySQLDialect
2023-10-20 09:30:38.023 [restartedMain] INFO  o.h.e.t.j.p.i.JtaPlatformInitiator.initiateService - HHH000490: Using JtaPlatform implementation: [org.hibernate.engine.transaction.jta.platform.internal.NoJtaPlatform]
2023-10-20 09:30:38.037 [restartedMain] INFO  o.s.o.j.LocalContainerEntityManagerFactoryBean.buildNativeEntityManagerFactory - Initialized JPA EntityManagerFactory for persistence unit 'default'
2023-10-20 09:30:38.911 [restartedMain] DEBUG M.d.config.JwtAuthenticationFilter.init - Filter 'jwtAuthenticationFilter' configured for use
2023-10-20 09:30:39.576 [restartedMain] WARN  o.s.b.a.o.j.JpaBaseConfiguration$JpaWebConfiguration.openEntityManagerInViewInterceptor - spring.jpa.open-in-view is enabled by default. Therefore, database queries may be performed during view rendering. Explicitly configure spring.jpa.open-in-view to disable this warning
2023-10-20 09:30:39.905 [restartedMain] INFO  o.s.s.web.DefaultSecurityFilterChain.<init> - Will secure any request with [org.springframework.security.web.session.DisableEncodeUrlFilter@131c0e1e, org.springframework.security.web.context.request.async.WebAsyncManagerIntegrationFilter@15e494a8, org.springframework.security.web.context.SecurityContextHolderFilter@67e7b38e, org.springframework.security.web.header.HeaderWriterFilter@49006619, org.springframework.web.filter.CorsFilter@586f6599, org.springframework.security.web.authentication.logout.LogoutFilter@35ef543b, MyImdb.demo.config.JwtAuthenticationFilter@57adf273, org.springframework.security.web.savedrequest.RequestCacheAwareFilter@b6a6ce0, org.springframework.security.web.servletapi.SecurityContextHolderAwareRequestFilter@495c6182, org.springframework.security.web.authentication.AnonymousAuthenticationFilter@b4845de, org.springframework.security.web.session.SessionManagementFilter@2ff5c5e9, org.springframework.security.web.access.ExceptionTranslationFilter@54441f6b, org.springframework.security.web.access.intercept.AuthorizationFilter@7d8f7e33]
2023-10-20 09:30:40.136 [restartedMain] WARN  o.s.b.a.t.ThymeleafAutoConfiguration$DefaultTemplateResolverConfiguration.checkTemplateLocationExists - Cannot find template location: classpath:/templates/ (please add some templates, check your Thymeleaf configuration, or set spring.thymeleaf.check-template-location=false)
2023-10-20 09:30:40.439 [restartedMain] INFO  o.s.b.d.a.OptionalLiveReloadServer.startServer - LiveReload server is running on port 35729
2023-10-20 09:30:40.458 [restartedMain] INFO  o.a.coyote.http11.Http11NioProtocol.log - Starting ProtocolHandler ["http-nio-8080"]
2023-10-20 09:30:40.492 [restartedMain] INFO  o.s.b.w.e.tomcat.TomcatWebServer.start - Tomcat started on port(s): 8080 (http) with context path ''
2023-10-20 09:30:40.515 [restartedMain] INFO  MyImdb.demo.DemoApplication.logStarted - Started DemoApplication in 8.879 seconds (process running for 9.489)
2023-10-20 09:30:46.484 [http-nio-8080-exec-3] INFO  o.a.c.c.C.[Tomcat].[localhost].[/].log - Initializing Spring DispatcherServlet 'dispatcherServlet'
2023-10-20 09:30:46.484 [http-nio-8080-exec-3] INFO  o.s.web.servlet.DispatcherServlet.initServletBean - Initializing Servlet 'dispatcherServlet'
2023-10-20 09:30:46.485 [http-nio-8080-exec-3] INFO  o.s.web.servlet.DispatcherServlet.initServletBean - Completed initialization in 1 ms
2023-10-20 09:30:46.552 [http-nio-8080-exec-3] ERROR MyImdb.demo.config.JwtService.extractAllClaims - Expired JWT
2023-10-20 09:30:46.553 [http-nio-8080-exec-3] ERROR o.a.c.c.C.[.[.[.[dispatcherServlet].log - Servlet.service() for servlet [dispatcherServlet] in context with path [] threw exception
java.lang.NullPointerException: null
	at MyImdb.demo.config.JwtService.extractClaim(JwtService.java:44)
	at MyImdb.demo.config.JwtService.extractUsername(JwtService.java:34)
	at MyImdb.demo.config.JwtAuthenticationFilter.doFilterInternal(JwtAuthenticationFilter.java:44)
	at org.springframework.web.filter.OncePerRequestFilter.doFilter(OncePerRequestFilter.java:116)
	at org.springframework.security.web.FilterChainProxy$VirtualFilterChain.doFilter(FilterChainProxy.java:374)
	at org.springframework.security.web.authentication.logout.LogoutFilter.doFilter(LogoutFilter.java:107)
	at org.springframework.security.web.authentication.logout.LogoutFilter.doFilter(LogoutFilter.java:93)
	at org.springframework.security.web.FilterChainProxy$VirtualFilterChain.doFilter(FilterChainProxy.java:374)
	at org.springframework.web.filter.CorsFilter.doFilterInternal(CorsFilter.java:91)
	at org.springframework.web.filter.OncePerRequestFilter.doFilter(OncePerRequestFilter.java:116)
	at org.springframework.security.web.FilterChainProxy$VirtualFilterChain.doFilter(FilterChainProxy.java:374)
	at org.springframework.security.web.header.HeaderWriterFilter.doHeadersAfter(HeaderWriterFilter.java:90)
	at org.springframework.security.web.header.HeaderWriterFilter.doFilterInternal(HeaderWriterFilter.java:75)
	at org.springframework.web.filter.OncePerRequestFilter.doFilter(OncePerRequestFilter.java:116)
	at org.springframework.security.web.FilterChainProxy$VirtualFilterChain.doFilter(FilterChainProxy.java:374)
	at org.springframework.security.web.context.SecurityContextHolderFilter.doFilter(SecurityContextHolderFilter.java:82)
	at org.springframework.security.web.context.SecurityContextHolderFilter.doFilter(SecurityContextHolderFilter.java:69)
	at org.springframework.security.web.FilterChainProxy$VirtualFilterChain.doFilter(FilterChainProxy.java:374)
	at org.springframework.security.web.context.request.async.WebAsyncManagerIntegrationFilter.doFilterInternal(WebAsyncManagerIntegrationFilter.java:62)
	at org.springframework.web.filter.OncePerRequestFilter.doFilter(OncePerRequestFilter.java:116)
	at org.springframework.security.web.FilterChainProxy$VirtualFilterChain.doFilter(FilterChainProxy.java:374)
	at org.springframework.security.web.session.DisableEncodeUrlFilter.doFilterInternal(DisableEncodeUrlFilter.java:42)
	at org.springframework.web.filter.OncePerRequestFilter.doFilter(OncePerRequestFilter.java:116)
	at org.springframework.security.web.FilterChainProxy$VirtualFilterChain.doFilter(FilterChainProxy.java:374)
	at org.springframework.security.web.FilterChainProxy.doFilterInternal(FilterChainProxy.java:233)
	at org.springframework.security.web.FilterChainProxy.doFilter(FilterChainProxy.java:191)
	at org.springframework.web.filter.DelegatingFilterProxy.invokeDelegate(DelegatingFilterProxy.java:351)
	at org.springframework.web.filter.DelegatingFilterProxy.doFilter(DelegatingFilterProxy.java:267)
	at org.apache.catalina.core.ApplicationFilterChain.internalDoFilter(ApplicationFilterChain.java:185)
	at org.apache.catalina.core.ApplicationFilterChain.doFilter(ApplicationFilterChain.java:158)
	at org.springframework.web.filter.RequestContextFilter.doFilterInternal(RequestContextFilter.java:100)
	at org.springframework.web.filter.OncePerRequestFilter.doFilter(OncePerRequestFilter.java:116)
	at org.apache.catalina.core.ApplicationFilterChain.internalDoFilter(ApplicationFilterChain.java:185)
	at org.apache.catalina.core.ApplicationFilterChain.doFilter(ApplicationFilterChain.java:158)
	at org.springframework.web.filter.FormContentFilter.doFilterInternal(FormContentFilter.java:93)
	at org.springframework.web.filter.OncePerRequestFilter.doFilter(OncePerRequestFilter.java:116)
	at org.apache.catalina.core.ApplicationFilterChain.internalDoFilter(ApplicationFilterChain.java:185)
	at org.apache.catalina.core.ApplicationFilterChain.doFilter(ApplicationFilterChain.java:158)
	at org.springframework.web.filter.CharacterEncodingFilter.doFilterInternal(CharacterEncodingFilter.java:201)
	at org.springframework.web.filter.OncePerRequestFilter.doFilter(OncePerRequestFilter.java:116)
	at org.apache.catalina.core.ApplicationFilterChain.internalDoFilter(ApplicationFilterChain.java:185)
	at org.apache.catalina.core.ApplicationFilterChain.doFilter(ApplicationFilterChain.java:158)
	at org.apache.catalina.core.StandardWrapperValve.invoke(StandardWrapperValve.java:177)
	at org.apache.catalina.core.StandardContextValve.invoke(StandardContextValve.java:97)
	at org.apache.catalina.authenticator.AuthenticatorBase.invoke(AuthenticatorBase.java:542)
	at org.apache.catalina.core.StandardHostValve.invoke(StandardHostValve.java:119)
	at org.apache.catalina.valves.ErrorReportValve.invoke(ErrorReportValve.java:92)
	at org.apache.catalina.core.StandardEngineValve.invoke(StandardEngineValve.java:78)
	at org.apache.catalina.connector.CoyoteAdapter.service(CoyoteAdapter.java:357)
	at org.apache.coyote.http11.Http11Processor.service(Http11Processor.java:400)
	at org.apache.coyote.AbstractProcessorLight.process(AbstractProcessorLight.java:65)
	at org.apache.coyote.AbstractProtocol$ConnectionHandler.process(AbstractProtocol.java:859)
	at org.apache.tomcat.util.net.NioEndpoint$SocketProcessor.doRun(NioEndpoint.java:1734)
	at org.apache.tomcat.util.net.SocketProcessorBase.run(SocketProcessorBase.java:52)
	at org.apache.tomcat.util.threads.ThreadPoolExecutor.runWorker(ThreadPoolExecutor.java:1191)
	at org.apache.tomcat.util.threads.ThreadPoolExecutor$Worker.run(ThreadPoolExecutor.java:659)
	at org.apache.tomcat.util.threads.TaskThread$WrappingRunnable.run(TaskThread.java:61)
	at java.base/java.lang.Thread.run(Thread.java:833)
2023-10-20 09:31:00.046 [http-nio-8080-exec-4] INFO  M.demo.service.AuthenticationService.authenticate - User "admin" logged in
2023-10-20 09:31:00.063 [http-nio-8080-exec-4] INFO  M.demo.service.AuthenticationService.authenticate - Authentication generated JWT: eyJhbGciOiJIUzI1NiJ9.eyJyb2xlIjoiVVNFUiIsInVzZXJJZCI6MSwic3ViIjoiYWRtaW4iLCJpYXQiOjE2OTc3OTA2NjAsImV4cCI6MTY5Nzc5MjEwMH0.QKdkc2goU-0Y-GTQu561mz5AGPsged0sV-YYby-0gvE
2023-10-20 09:31:49.592 [SpringApplicationShutdownHook] INFO  o.s.o.j.LocalContainerEntityManagerFactoryBean.destroy - Closing JPA EntityManagerFactory for persistence unit 'default'
2023-10-20 09:31:49.597 [SpringApplicationShutdownHook] INFO  com.zaxxer.hikari.HikariDataSource.close - HikariPool-1 - Shutdown initiated...
2023-10-20 09:31:49.604 [SpringApplicationShutdownHook] INFO  com.zaxxer.hikari.HikariDataSource.close - HikariPool-1 - Shutdown completed.
2023-10-20 09:31:54.920 [background-preinit] INFO  o.h.validator.internal.util.Version.<clinit> - HV000001: Hibernate Validator 8.0.0.Final
2023-10-20 09:31:54.956 [restartedMain] INFO  MyImdb.demo.DemoApplication.logStarting - Starting DemoApplication using Java 18.0.2.1 with PID 16988 (C:\Users\diogo.correia\Documents\gh\PersonalImdb\demo\target\classes started by diogo.correia in C:\Users\diogo.correia\Documents\gh\PersonalImdb\demo)
2023-10-20 09:31:54.956 [restartedMain] DEBUG MyImdb.demo.DemoApplication.logStarting - Running with Spring Boot v3.0.1, Spring v6.0.3
2023-10-20 09:31:54.958 [restartedMain] INFO  MyImdb.demo.DemoApplication.logStartupProfileInfo - No active profile set, falling back to 1 default profile: "default"
2023-10-20 09:31:55.009 [restartedMain] INFO  o.s.b.d.e.DevToolsPropertyDefaultsPostProcessor.logTo - Devtools property defaults active! Set 'spring.devtools.add-properties' to 'false' to disable
2023-10-20 09:31:55.009 [restartedMain] INFO  o.s.b.d.e.DevToolsPropertyDefaultsPostProcessor.logTo - For additional web related logging consider setting the 'logging.level.web' property to 'DEBUG'
2023-10-20 09:31:55.738 [restartedMain] INFO  o.s.d.r.c.RepositoryConfigurationDelegate.registerRepositoriesIn - Bootstrapping Spring Data JPA repositories in DEFAULT mode.
2023-10-20 09:31:55.830 [restartedMain] INFO  o.s.d.r.c.RepositoryConfigurationDelegate.registerRepositoriesIn - Finished Spring Data repository scanning in 82 ms. Found 3 JPA repository interfaces.
2023-10-20 09:31:56.899 [restartedMain] INFO  o.s.b.w.e.tomcat.TomcatWebServer.initialize - Tomcat initialized with port(s): 8080 (http)
2023-10-20 09:31:56.919 [restartedMain] INFO  o.a.coyote.http11.Http11NioProtocol.log - Initializing ProtocolHandler ["http-nio-8080"]
2023-10-20 09:31:56.920 [restartedMain] INFO  o.a.catalina.core.StandardService.log - Starting service [Tomcat]
2023-10-20 09:31:56.921 [restartedMain] INFO  o.a.catalina.core.StandardEngine.log - Starting Servlet engine: [Apache Tomcat/10.1.4]
2023-10-20 09:31:57.046 [restartedMain] INFO  o.a.c.c.C.[Tomcat].[localhost].[/].log - Initializing Spring embedded WebApplicationContext
2023-10-20 09:31:57.050 [restartedMain] INFO  o.s.b.w.s.c.ServletWebServerApplicationContext.prepareWebApplicationContext - Root WebApplicationContext: initialization completed in 2037 ms
2023-10-20 09:31:57.294 [restartedMain] INFO  o.h.jpa.internal.util.LogHelper.logPersistenceUnitInformation - HHH000204: Processing PersistenceUnitInfo [name: default]
2023-10-20 09:31:57.373 [restartedMain] INFO  org.hibernate.Version.logVersion - HHH000412: Hibernate ORM core version 6.1.6.Final
2023-10-20 09:31:57.638 [restartedMain] WARN  org.hibernate.orm.deprecation.lambda$new$1 - HHH90000021: Encountered deprecated setting [javax.persistence.sharedCache.mode], use [jakarta.persistence.sharedCache.mode] instead
2023-10-20 09:31:57.807 [restartedMain] INFO  com.zaxxer.hikari.HikariDataSource.getConnection - HikariPool-1 - Starting...
2023-10-20 09:31:58.170 [restartedMain] INFO  com.zaxxer.hikari.pool.HikariPool.checkFailFast - HikariPool-1 - Added connection com.mysql.cj.jdbc.ConnectionImpl@926fea8
2023-10-20 09:31:58.176 [restartedMain] INFO  com.zaxxer.hikari.HikariDataSource.getConnection - HikariPool-1 - Start completed.
2023-10-20 09:31:58.240 [restartedMain] INFO  SQL dialect.logSelectedDialect - HHH000400: Using dialect: org.hibernate.dialect.MySQLDialect
2023-10-20 09:31:59.288 [restartedMain] INFO  o.h.e.t.j.p.i.JtaPlatformInitiator.initiateService - HHH000490: Using JtaPlatform implementation: [org.hibernate.engine.transaction.jta.platform.internal.NoJtaPlatform]
2023-10-20 09:31:59.306 [restartedMain] INFO  o.s.o.j.LocalContainerEntityManagerFactoryBean.buildNativeEntityManagerFactory - Initialized JPA EntityManagerFactory for persistence unit 'default'
2023-10-20 09:31:59.985 [restartedMain] DEBUG M.d.config.JwtAuthenticationFilter.init - Filter 'jwtAuthenticationFilter' configured for use
2023-10-20 09:32:00.499 [restartedMain] WARN  o.s.b.a.o.j.JpaBaseConfiguration$JpaWebConfiguration.openEntityManagerInViewInterceptor - spring.jpa.open-in-view is enabled by default. Therefore, database queries may be performed during view rendering. Explicitly configure spring.jpa.open-in-view to disable this warning
2023-10-20 09:32:00.726 [restartedMain] INFO  o.s.s.web.DefaultSecurityFilterChain.<init> - Will secure any request with [org.springframework.security.web.session.DisableEncodeUrlFilter@24a683e9, org.springframework.security.web.context.request.async.WebAsyncManagerIntegrationFilter@5e9ff0d1, org.springframework.security.web.context.SecurityContextHolderFilter@6cac5e1, org.springframework.security.web.header.HeaderWriterFilter@697a521b, org.springframework.web.filter.CorsFilter@3a0f1376, org.springframework.security.web.authentication.logout.LogoutFilter@6ad161bc, MyImdb.demo.config.JwtAuthenticationFilter@6142a30e, org.springframework.security.web.savedrequest.RequestCacheAwareFilter@654a47b, org.springframework.security.web.servletapi.SecurityContextHolderAwareRequestFilter@6ff70e0f, org.springframework.security.web.authentication.AnonymousAuthenticationFilter@15c64826, org.springframework.security.web.session.SessionManagementFilter@65233578, org.springframework.security.web.access.ExceptionTranslationFilter@500eef5, org.springframework.security.web.access.intercept.AuthorizationFilter@65e3e408]
2023-10-20 09:32:00.904 [restartedMain] WARN  o.s.b.a.t.ThymeleafAutoConfiguration$DefaultTemplateResolverConfiguration.checkTemplateLocationExists - Cannot find template location: classpath:/templates/ (please add some templates, check your Thymeleaf configuration, or set spring.thymeleaf.check-template-location=false)
2023-10-20 09:32:01.162 [restartedMain] INFO  o.s.b.d.a.OptionalLiveReloadServer.startServer - LiveReload server is running on port 35729
2023-10-20 09:32:01.183 [restartedMain] INFO  o.a.coyote.http11.Http11NioProtocol.log - Starting ProtocolHandler ["http-nio-8080"]
2023-10-20 09:32:01.214 [restartedMain] INFO  o.s.b.w.e.tomcat.TomcatWebServer.start - Tomcat started on port(s): 8080 (http) with context path ''
2023-10-20 09:32:01.229 [restartedMain] INFO  MyImdb.demo.DemoApplication.logStarted - Started DemoApplication in 6.727 seconds (process running for 7.144)
2023-10-20 09:32:05.199 [http-nio-8080-exec-2] INFO  o.a.c.c.C.[Tomcat].[localhost].[/].log - Initializing Spring DispatcherServlet 'dispatcherServlet'
2023-10-20 09:32:05.199 [http-nio-8080-exec-2] INFO  o.s.web.servlet.DispatcherServlet.initServletBean - Initializing Servlet 'dispatcherServlet'
2023-10-20 09:32:05.200 [http-nio-8080-exec-2] INFO  o.s.web.servlet.DispatcherServlet.initServletBean - Completed initialization in 1 ms
2023-10-20 09:33:23.777 [File Watcher] INFO  o.s.b.d.a.LocalDevToolsAutoConfiguration$RestartingClassPathChangeChangedEventListener.onApplicationEvent - Restarting due to 2 class path changes (0 additions, 2 deletions, 0 modifications)
2023-10-20 09:33:23.790 [Thread-5] INFO  o.a.coyote.http11.Http11NioProtocol.log - Pausing ProtocolHandler ["http-nio-8080"]
2023-10-20 09:33:23.790 [Thread-5] INFO  o.a.catalina.core.StandardService.log - Stopping service [Tomcat]
2023-10-20 09:33:23.791 [Thread-5] INFO  o.a.c.c.C.[Tomcat].[localhost].[/].log - Destroying Spring FrameworkServlet 'dispatcherServlet'
2023-10-20 09:33:23.793 [Thread-5] WARN  o.a.c.loader.WebappClassLoaderBase.log - The web application [ROOT] appears to have started a thread named [HikariPool-1 housekeeper] but has failed to stop it. This is very likely to create a memory leak. Stack trace of thread:
 java.base@18.0.2.1/jdk.internal.misc.Unsafe.park(Native Method)
 java.base@18.0.2.1/java.util.concurrent.locks.LockSupport.parkNanos(LockSupport.java:252)
 java.base@18.0.2.1/java.util.concurrent.locks.AbstractQueuedSynchronizer$ConditionObject.awaitNanos(AbstractQueuedSynchronizer.java:1672)
 java.base@18.0.2.1/java.util.concurrent.ScheduledThreadPoolExecutor$DelayedWorkQueue.take(ScheduledThreadPoolExecutor.java:1182)
 java.base@18.0.2.1/java.util.concurrent.ScheduledThreadPoolExecutor$DelayedWorkQueue.take(ScheduledThreadPoolExecutor.java:899)
 java.base@18.0.2.1/java.util.concurrent.ThreadPoolExecutor.getTask(ThreadPoolExecutor.java:1062)
 java.base@18.0.2.1/java.util.concurrent.ThreadPoolExecutor.runWorker(ThreadPoolExecutor.java:1122)
 java.base@18.0.2.1/java.util.concurrent.ThreadPoolExecutor$Worker.run(ThreadPoolExecutor.java:635)
 java.base@18.0.2.1/java.lang.Thread.run(Thread.java:833)
2023-10-20 09:33:23.794 [Thread-5] INFO  o.a.coyote.http11.Http11NioProtocol.log - Stopping ProtocolHandler ["http-nio-8080"]
2023-10-20 09:33:23.796 [Thread-5] INFO  o.a.coyote.http11.Http11NioProtocol.log - Destroying ProtocolHandler ["http-nio-8080"]
2023-10-20 09:33:23.799 [Thread-5] INFO  o.s.o.j.LocalContainerEntityManagerFactoryBean.destroy - Closing JPA EntityManagerFactory for persistence unit 'default'
2023-10-20 09:33:23.803 [Thread-5] INFO  com.zaxxer.hikari.HikariDataSource.close - HikariPool-1 - Shutdown initiated...
2023-10-20 09:33:23.812 [Thread-5] INFO  com.zaxxer.hikari.HikariDataSource.close - HikariPool-1 - Shutdown completed.
2023-10-20 09:33:23.885 [restartedMain] INFO  MyImdb.demo.DemoApplication.logStarting - Starting DemoApplication using Java 18.0.2.1 with PID 16988 (C:\Users\diogo.correia\Documents\gh\PersonalImdb\demo\target\classes started by diogo.correia in C:\Users\diogo.correia\Documents\gh\PersonalImdb\demo)
2023-10-20 09:33:23.885 [restartedMain] DEBUG MyImdb.demo.DemoApplication.logStarting - Running with Spring Boot v3.0.1, Spring v6.0.3
2023-10-20 09:33:23.886 [restartedMain] INFO  MyImdb.demo.DemoApplication.logStartupProfileInfo - No active profile set, falling back to 1 default profile: "default"
2023-10-20 09:33:24.213 [restartedMain] INFO  o.s.d.r.c.RepositoryConfigurationDelegate.registerRepositoriesIn - Bootstrapping Spring Data JPA repositories in DEFAULT mode.
2023-10-20 09:33:24.233 [restartedMain] INFO  o.s.d.r.c.RepositoryConfigurationDelegate.registerRepositoriesIn - Finished Spring Data repository scanning in 18 ms. Found 3 JPA repository interfaces.
2023-10-20 09:33:24.350 [restartedMain] INFO  o.s.b.w.e.tomcat.TomcatWebServer.initialize - Tomcat initialized with port(s): 8080 (http)
2023-10-20 09:33:24.352 [restartedMain] INFO  o.a.coyote.http11.Http11NioProtocol.log - Initializing ProtocolHandler ["http-nio-8080"]
2023-10-20 09:33:24.353 [restartedMain] INFO  o.a.catalina.core.StandardService.log - Starting service [Tomcat]
2023-10-20 09:33:24.353 [restartedMain] INFO  o.a.catalina.core.StandardEngine.log - Starting Servlet engine: [Apache Tomcat/10.1.4]
2023-10-20 09:33:24.378 [restartedMain] INFO  o.a.c.c.C.[Tomcat].[localhost].[/].log - Initializing Spring embedded WebApplicationContext
2023-10-20 09:33:24.378 [restartedMain] INFO  o.s.b.w.s.c.ServletWebServerApplicationContext.prepareWebApplicationContext - Root WebApplicationContext: initialization completed in 490 ms
2023-10-20 09:33:24.419 [restartedMain] INFO  o.h.jpa.internal.util.LogHelper.logPersistenceUnitInformation - HHH000204: Processing PersistenceUnitInfo [name: default]
2023-10-20 09:33:24.422 [restartedMain] WARN  org.hibernate.orm.deprecation.lambda$new$1 - HHH90000021: Encountered deprecated setting [javax.persistence.sharedCache.mode], use [jakarta.persistence.sharedCache.mode] instead
2023-10-20 09:33:24.426 [restartedMain] INFO  com.zaxxer.hikari.HikariDataSource.getConnection - HikariPool-2 - Starting...
2023-10-20 09:33:24.445 [restartedMain] INFO  com.zaxxer.hikari.pool.HikariPool.checkFailFast - HikariPool-2 - Added connection com.mysql.cj.jdbc.ConnectionImpl@837354c
2023-10-20 09:33:24.446 [restartedMain] INFO  com.zaxxer.hikari.HikariDataSource.getConnection - HikariPool-2 - Start completed.
2023-10-20 09:33:24.449 [restartedMain] INFO  SQL dialect.logSelectedDialect - HHH000400: Using dialect: org.hibernate.dialect.MySQLDialect
2023-10-20 09:33:24.569 [restartedMain] INFO  o.h.e.t.j.p.i.JtaPlatformInitiator.initiateService - HHH000490: Using JtaPlatform implementation: [org.hibernate.engine.transaction.jta.platform.internal.NoJtaPlatform]
2023-10-20 09:33:24.570 [restartedMain] INFO  o.s.o.j.LocalContainerEntityManagerFactoryBean.buildNativeEntityManagerFactory - Initialized JPA EntityManagerFactory for persistence unit 'default'
2023-10-20 09:33:24.640 [restartedMain] DEBUG M.d.config.JwtAuthenticationFilter.init - Filter 'jwtAuthenticationFilter' configured for use
2023-10-20 09:33:24.783 [restartedMain] WARN  o.s.b.a.o.j.JpaBaseConfiguration$JpaWebConfiguration.openEntityManagerInViewInterceptor - spring.jpa.open-in-view is enabled by default. Therefore, database queries may be performed during view rendering. Explicitly configure spring.jpa.open-in-view to disable this warning
2023-10-20 09:33:24.823 [restartedMain] INFO  o.s.s.web.DefaultSecurityFilterChain.<init> - Will secure any request with [org.springframework.security.web.session.DisableEncodeUrlFilter@5f32544, org.springframework.security.web.context.request.async.WebAsyncManagerIntegrationFilter@6c0732e5, org.springframework.security.web.context.SecurityContextHolderFilter@52ea6efe, org.springframework.security.web.header.HeaderWriterFilter@19b9ceba, org.springframework.web.filter.CorsFilter@2a8a9fae, org.springframework.security.web.authentication.logout.LogoutFilter@40da215, MyImdb.demo.config.JwtAuthenticationFilter@635849a9, org.springframework.security.web.savedrequest.RequestCacheAwareFilter@6e8277d5, org.springframework.security.web.servletapi.SecurityContextHolderAwareRequestFilter@3919a8a1, org.springframework.security.web.authentication.AnonymousAuthenticationFilter@775c4e5a, org.springframework.security.web.session.SessionManagementFilter@6a7526f, org.springframework.security.web.access.ExceptionTranslationFilter@522dcf31, org.springframework.security.web.access.intercept.AuthorizationFilter@de4b2b6]
2023-10-20 09:33:24.849 [restartedMain] WARN  o.s.b.a.t.ThymeleafAutoConfiguration$DefaultTemplateResolverConfiguration.checkTemplateLocationExists - Cannot find template location: classpath:/templates/ (please add some templates, check your Thymeleaf configuration, or set spring.thymeleaf.check-template-location=false)
2023-10-20 09:33:24.893 [restartedMain] INFO  o.s.b.d.a.OptionalLiveReloadServer.startServer - LiveReload server is running on port 35729
2023-10-20 09:33:24.899 [restartedMain] INFO  o.a.coyote.http11.Http11NioProtocol.log - Starting ProtocolHandler ["http-nio-8080"]
2023-10-20 09:33:24.902 [restartedMain] INFO  o.s.b.w.e.tomcat.TomcatWebServer.start - Tomcat started on port(s): 8080 (http) with context path ''
2023-10-20 09:33:24.907 [restartedMain] INFO  MyImdb.demo.DemoApplication.logStarted - Started DemoApplication in 1.052 seconds (process running for 90.822)
2023-10-20 09:33:24.909 [restartedMain] INFO  o.s.b.d.a.ConditionEvaluationDeltaLoggingListener.onApplicationEvent - Condition evaluation unchanged
2023-10-20 09:33:26.328 [File Watcher] INFO  o.s.b.d.a.LocalDevToolsAutoConfiguration$RestartingClassPathChangeChangedEventListener.onApplicationEvent - Restarting due to 2 class path changes (2 additions, 0 deletions, 0 modifications)
2023-10-20 09:33:26.335 [Thread-7] INFO  o.a.coyote.http11.Http11NioProtocol.log - Pausing ProtocolHandler ["http-nio-8080"]
2023-10-20 09:33:26.335 [Thread-7] INFO  o.a.catalina.core.StandardService.log - Stopping service [Tomcat]
2023-10-20 09:33:26.337 [Thread-7] WARN  o.a.c.loader.WebappClassLoaderBase.log - The web application [ROOT] appears to have started a thread named [HikariPool-2 housekeeper] but has failed to stop it. This is very likely to create a memory leak. Stack trace of thread:
 java.base@18.0.2.1/jdk.internal.misc.Unsafe.park(Native Method)
 java.base@18.0.2.1/java.util.concurrent.locks.LockSupport.parkNanos(LockSupport.java:252)
 java.base@18.0.2.1/java.util.concurrent.locks.AbstractQueuedSynchronizer$ConditionObject.awaitNanos(AbstractQueuedSynchronizer.java:1672)
 java.base@18.0.2.1/java.util.concurrent.ScheduledThreadPoolExecutor$DelayedWorkQueue.take(ScheduledThreadPoolExecutor.java:1182)
 java.base@18.0.2.1/java.util.concurrent.ScheduledThreadPoolExecutor$DelayedWorkQueue.take(ScheduledThreadPoolExecutor.java:899)
 java.base@18.0.2.1/java.util.concurrent.ThreadPoolExecutor.getTask(ThreadPoolExecutor.java:1062)
 java.base@18.0.2.1/java.util.concurrent.ThreadPoolExecutor.runWorker(ThreadPoolExecutor.java:1122)
 java.base@18.0.2.1/java.util.concurrent.ThreadPoolExecutor$Worker.run(ThreadPoolExecutor.java:635)
 java.base@18.0.2.1/java.lang.Thread.run(Thread.java:833)
2023-10-20 09:33:26.338 [Thread-7] WARN  o.a.c.loader.WebappClassLoaderBase.log - The web application [ROOT] appears to have started a thread named [HikariPool-2 connection adder] but has failed to stop it. This is very likely to create a memory leak. Stack trace of thread:
 java.base@18.0.2.1/jdk.internal.misc.Unsafe.park(Native Method)
 java.base@18.0.2.1/java.util.concurrent.locks.LockSupport.parkNanos(LockSupport.java:252)
 java.base@18.0.2.1/java.util.concurrent.locks.AbstractQueuedSynchronizer$ConditionObject.awaitNanos(AbstractQueuedSynchronizer.java:1672)
 java.base@18.0.2.1/java.util.concurrent.LinkedBlockingQueue.poll(LinkedBlockingQueue.java:460)
 java.base@18.0.2.1/java.util.concurrent.ThreadPoolExecutor.getTask(ThreadPoolExecutor.java:1061)
 java.base@18.0.2.1/java.util.concurrent.ThreadPoolExecutor.runWorker(ThreadPoolExecutor.java:1122)
 java.base@18.0.2.1/java.util.concurrent.ThreadPoolExecutor$Worker.run(ThreadPoolExecutor.java:635)
 java.base@18.0.2.1/java.lang.Thread.run(Thread.java:833)
2023-10-20 09:33:26.339 [Thread-7] INFO  o.a.coyote.http11.Http11NioProtocol.log - Stopping ProtocolHandler ["http-nio-8080"]
2023-10-20 09:33:26.340 [Thread-7] INFO  o.a.coyote.http11.Http11NioProtocol.log - Destroying ProtocolHandler ["http-nio-8080"]
2023-10-20 09:33:26.342 [Thread-7] INFO  o.s.o.j.LocalContainerEntityManagerFactoryBean.destroy - Closing JPA EntityManagerFactory for persistence unit 'default'
2023-10-20 09:33:26.343 [Thread-7] INFO  com.zaxxer.hikari.HikariDataSource.close - HikariPool-2 - Shutdown initiated...
2023-10-20 09:33:26.349 [Thread-7] INFO  com.zaxxer.hikari.HikariDataSource.close - HikariPool-2 - Shutdown completed.
2023-10-20 09:33:26.429 [restartedMain] INFO  MyImdb.demo.DemoApplication.logStarting - Starting DemoApplication using Java 18.0.2.1 with PID 16988 (C:\Users\diogo.correia\Documents\gh\PersonalImdb\demo\target\classes started by diogo.correia in C:\Users\diogo.correia\Documents\gh\PersonalImdb\demo)
2023-10-20 09:33:26.429 [restartedMain] DEBUG MyImdb.demo.DemoApplication.logStarting - Running with Spring Boot v3.0.1, Spring v6.0.3
2023-10-20 09:33:26.429 [restartedMain] INFO  MyImdb.demo.DemoApplication.logStartupProfileInfo - No active profile set, falling back to 1 default profile: "default"
2023-10-20 09:33:26.625 [restartedMain] INFO  o.s.d.r.c.RepositoryConfigurationDelegate.registerRepositoriesIn - Bootstrapping Spring Data JPA repositories in DEFAULT mode.
2023-10-20 09:33:26.639 [restartedMain] INFO  o.s.d.r.c.RepositoryConfigurationDelegate.registerRepositoriesIn - Finished Spring Data repository scanning in 13 ms. Found 3 JPA repository interfaces.
2023-10-20 09:33:26.713 [restartedMain] INFO  o.s.b.w.e.tomcat.TomcatWebServer.initialize - Tomcat initialized with port(s): 8080 (http)
2023-10-20 09:33:26.714 [restartedMain] INFO  o.a.coyote.http11.Http11NioProtocol.log - Initializing ProtocolHandler ["http-nio-8080"]
2023-10-20 09:33:26.714 [restartedMain] INFO  o.a.catalina.core.StandardService.log - Starting service [Tomcat]
2023-10-20 09:33:26.714 [restartedMain] INFO  o.a.catalina.core.StandardEngine.log - Starting Servlet engine: [Apache Tomcat/10.1.4]
2023-10-20 09:33:26.733 [restartedMain] INFO  o.a.c.c.C.[Tomcat].[localhost].[/].log - Initializing Spring embedded WebApplicationContext
2023-10-20 09:33:26.733 [restartedMain] INFO  o.s.b.w.s.c.ServletWebServerApplicationContext.prepareWebApplicationContext - Root WebApplicationContext: initialization completed in 302 ms
2023-10-20 09:33:26.756 [restartedMain] INFO  o.h.jpa.internal.util.LogHelper.logPersistenceUnitInformation - HHH000204: Processing PersistenceUnitInfo [name: default]
2023-10-20 09:33:26.758 [restartedMain] WARN  org.hibernate.orm.deprecation.lambda$new$1 - HHH90000021: Encountered deprecated setting [javax.persistence.sharedCache.mode], use [jakarta.persistence.sharedCache.mode] instead
2023-10-20 09:33:26.761 [restartedMain] INFO  com.zaxxer.hikari.HikariDataSource.getConnection - HikariPool-3 - Starting...
2023-10-20 09:33:26.773 [restartedMain] INFO  com.zaxxer.hikari.pool.HikariPool.checkFailFast - HikariPool-3 - Added connection com.mysql.cj.jdbc.ConnectionImpl@46474a6c
2023-10-20 09:33:26.774 [restartedMain] INFO  com.zaxxer.hikari.HikariDataSource.getConnection - HikariPool-3 - Start completed.
2023-10-20 09:33:26.775 [restartedMain] INFO  SQL dialect.logSelectedDialect - HHH000400: Using dialect: org.hibernate.dialect.MySQLDialect
2023-10-20 09:33:26.848 [restartedMain] INFO  o.h.e.t.j.p.i.JtaPlatformInitiator.initiateService - HHH000490: Using JtaPlatform implementation: [org.hibernate.engine.transaction.jta.platform.internal.NoJtaPlatform]
2023-10-20 09:33:26.849 [restartedMain] INFO  o.s.o.j.LocalContainerEntityManagerFactoryBean.buildNativeEntityManagerFactory - Initialized JPA EntityManagerFactory for persistence unit 'default'
2023-10-20 09:33:26.903 [restartedMain] DEBUG M.d.config.JwtAuthenticationFilter.init - Filter 'jwtAuthenticationFilter' configured for use
2023-10-20 09:33:26.993 [restartedMain] WARN  o.s.b.a.o.j.JpaBaseConfiguration$JpaWebConfiguration.openEntityManagerInViewInterceptor - spring.jpa.open-in-view is enabled by default. Therefore, database queries may be performed during view rendering. Explicitly configure spring.jpa.open-in-view to disable this warning
2023-10-20 09:33:27.017 [restartedMain] INFO  o.s.s.web.DefaultSecurityFilterChain.<init> - Will secure any request with [org.springframework.security.web.session.DisableEncodeUrlFilter@c51ed91, org.springframework.security.web.context.request.async.WebAsyncManagerIntegrationFilter@55d3e241, org.springframework.security.web.context.SecurityContextHolderFilter@5fe52401, org.springframework.security.web.header.HeaderWriterFilter@34607bd4, org.springframework.web.filter.CorsFilter@28b6045a, org.springframework.security.web.authentication.logout.LogoutFilter@40332d0f, MyImdb.demo.config.JwtAuthenticationFilter@6cd4c73a, org.springframework.security.web.savedrequest.RequestCacheAwareFilter@18a61409, org.springframework.security.web.servletapi.SecurityContextHolderAwareRequestFilter@2f2f7212, org.springframework.security.web.authentication.AnonymousAuthenticationFilter@56b78038, org.springframework.security.web.session.SessionManagementFilter@682e3306, org.springframework.security.web.access.ExceptionTranslationFilter@143a67cb, org.springframework.security.web.access.intercept.AuthorizationFilter@3cf62faf]
2023-10-20 09:33:27.035 [restartedMain] WARN  o.s.b.a.t.ThymeleafAutoConfiguration$DefaultTemplateResolverConfiguration.checkTemplateLocationExists - Cannot find template location: classpath:/templates/ (please add some templates, check your Thymeleaf configuration, or set spring.thymeleaf.check-template-location=false)
2023-10-20 09:33:27.060 [restartedMain] INFO  o.s.b.d.a.OptionalLiveReloadServer.startServer - LiveReload server is running on port 35729
2023-10-20 09:33:27.065 [restartedMain] INFO  o.a.coyote.http11.Http11NioProtocol.log - Starting ProtocolHandler ["http-nio-8080"]
2023-10-20 09:33:27.074 [restartedMain] INFO  o.s.b.w.e.tomcat.TomcatWebServer.start - Tomcat started on port(s): 8080 (http) with context path ''
2023-10-20 09:33:27.080 [restartedMain] INFO  MyImdb.demo.DemoApplication.logStarted - Started DemoApplication in 0.676 seconds (process running for 92.995)
2023-10-20 09:33:27.081 [restartedMain] INFO  o.s.b.d.a.ConditionEvaluationDeltaLoggingListener.onApplicationEvent - Condition evaluation unchanged
2023-10-20 09:33:34.348 [SpringApplicationShutdownHook] INFO  o.s.o.j.LocalContainerEntityManagerFactoryBean.destroy - Closing JPA EntityManagerFactory for persistence unit 'default'
2023-10-20 09:33:34.349 [SpringApplicationShutdownHook] INFO  com.zaxxer.hikari.HikariDataSource.close - HikariPool-3 - Shutdown initiated...
2023-10-20 09:33:34.353 [SpringApplicationShutdownHook] INFO  com.zaxxer.hikari.HikariDataSource.close - HikariPool-3 - Shutdown completed.
2023-10-20 09:33:38.629 [background-preinit] INFO  o.h.validator.internal.util.Version.<clinit> - HV000001: Hibernate Validator 8.0.0.Final
2023-10-20 09:33:38.688 [restartedMain] INFO  MyImdb.demo.DemoApplication.logStarting - Starting DemoApplication using Java 18.0.2.1 with PID 23604 (C:\Users\diogo.correia\Documents\gh\PersonalImdb\demo\target\classes started by diogo.correia in C:\Users\diogo.correia\Documents\gh\PersonalImdb\demo)
2023-10-20 09:33:38.689 [restartedMain] DEBUG MyImdb.demo.DemoApplication.logStarting - Running with Spring Boot v3.0.1, Spring v6.0.3
2023-10-20 09:33:38.690 [restartedMain] INFO  MyImdb.demo.DemoApplication.logStartupProfileInfo - No active profile set, falling back to 1 default profile: "default"
2023-10-20 09:33:38.757 [restartedMain] INFO  o.s.b.d.e.DevToolsPropertyDefaultsPostProcessor.logTo - Devtools property defaults active! Set 'spring.devtools.add-properties' to 'false' to disable
2023-10-20 09:33:38.758 [restartedMain] INFO  o.s.b.d.e.DevToolsPropertyDefaultsPostProcessor.logTo - For additional web related logging consider setting the 'logging.level.web' property to 'DEBUG'
2023-10-20 09:33:40.199 [restartedMain] INFO  o.s.d.r.c.RepositoryConfigurationDelegate.registerRepositoriesIn - Bootstrapping Spring Data JPA repositories in DEFAULT mode.
2023-10-20 09:33:40.300 [restartedMain] INFO  o.s.d.r.c.RepositoryConfigurationDelegate.registerRepositoriesIn - Finished Spring Data repository scanning in 89 ms. Found 3 JPA repository interfaces.
2023-10-20 09:33:41.257 [restartedMain] INFO  o.s.b.w.e.tomcat.TomcatWebServer.initialize - Tomcat initialized with port(s): 8080 (http)
2023-10-20 09:33:41.274 [restartedMain] INFO  o.a.coyote.http11.Http11NioProtocol.log - Initializing ProtocolHandler ["http-nio-8080"]
2023-10-20 09:33:41.275 [restartedMain] INFO  o.a.catalina.core.StandardService.log - Starting service [Tomcat]
2023-10-20 09:33:41.275 [restartedMain] INFO  o.a.catalina.core.StandardEngine.log - Starting Servlet engine: [Apache Tomcat/10.1.4]
2023-10-20 09:33:41.388 [restartedMain] INFO  o.a.c.c.C.[Tomcat].[localhost].[/].log - Initializing Spring embedded WebApplicationContext
2023-10-20 09:33:41.391 [restartedMain] INFO  o.s.b.w.s.c.ServletWebServerApplicationContext.prepareWebApplicationContext - Root WebApplicationContext: initialization completed in 2630 ms
2023-10-20 09:33:41.621 [restartedMain] INFO  o.h.jpa.internal.util.LogHelper.logPersistenceUnitInformation - HHH000204: Processing PersistenceUnitInfo [name: default]
2023-10-20 09:33:41.686 [restartedMain] INFO  org.hibernate.Version.logVersion - HHH000412: Hibernate ORM core version 6.1.6.Final
2023-10-20 09:33:41.898 [restartedMain] WARN  org.hibernate.orm.deprecation.lambda$new$1 - HHH90000021: Encountered deprecated setting [javax.persistence.sharedCache.mode], use [jakarta.persistence.sharedCache.mode] instead
2023-10-20 09:33:42.047 [restartedMain] INFO  com.zaxxer.hikari.HikariDataSource.getConnection - HikariPool-1 - Starting...
2023-10-20 09:33:42.379 [restartedMain] INFO  com.zaxxer.hikari.pool.HikariPool.checkFailFast - HikariPool-1 - Added connection com.mysql.cj.jdbc.ConnectionImpl@1c879b41
2023-10-20 09:33:42.381 [restartedMain] INFO  com.zaxxer.hikari.HikariDataSource.getConnection - HikariPool-1 - Start completed.
2023-10-20 09:33:42.437 [restartedMain] INFO  SQL dialect.logSelectedDialect - HHH000400: Using dialect: org.hibernate.dialect.MySQLDialect
2023-10-20 09:33:43.515 [restartedMain] INFO  o.h.e.t.j.p.i.JtaPlatformInitiator.initiateService - HHH000490: Using JtaPlatform implementation: [org.hibernate.engine.transaction.jta.platform.internal.NoJtaPlatform]
2023-10-20 09:33:43.523 [restartedMain] INFO  o.s.o.j.LocalContainerEntityManagerFactoryBean.buildNativeEntityManagerFactory - Initialized JPA EntityManagerFactory for persistence unit 'default'
2023-10-20 09:33:44.235 [restartedMain] DEBUG M.d.config.JwtAuthenticationFilter.init - Filter 'jwtAuthenticationFilter' configured for use
2023-10-20 09:33:44.795 [restartedMain] WARN  o.s.b.a.o.j.JpaBaseConfiguration$JpaWebConfiguration.openEntityManagerInViewInterceptor - spring.jpa.open-in-view is enabled by default. Therefore, database queries may be performed during view rendering. Explicitly configure spring.jpa.open-in-view to disable this warning
2023-10-20 09:33:45.080 [restartedMain] INFO  o.s.s.web.DefaultSecurityFilterChain.<init> - Will secure any request with [org.springframework.security.web.session.DisableEncodeUrlFilter@3bad3dc3, org.springframework.security.web.context.request.async.WebAsyncManagerIntegrationFilter@19dc1058, org.springframework.security.web.context.SecurityContextHolderFilter@2e60207a, org.springframework.security.web.header.HeaderWriterFilter@74fd369, org.springframework.web.filter.CorsFilter@113c7afe, org.springframework.security.web.authentication.logout.LogoutFilter@4fa67914, MyImdb.demo.config.JwtAuthenticationFilter@1927ab29, org.springframework.security.web.savedrequest.RequestCacheAwareFilter@7299b820, org.springframework.security.web.servletapi.SecurityContextHolderAwareRequestFilter@606e1d48, org.springframework.security.web.authentication.AnonymousAuthenticationFilter@1697c32, org.springframework.security.web.session.SessionManagementFilter@b4845de, org.springframework.security.web.access.ExceptionTranslationFilter@5f4286e3, org.springframework.security.web.access.intercept.AuthorizationFilter@78db4117]
2023-10-20 09:33:45.251 [restartedMain] WARN  o.s.b.a.t.ThymeleafAutoConfiguration$DefaultTemplateResolverConfiguration.checkTemplateLocationExists - Cannot find template location: classpath:/templates/ (please add some templates, check your Thymeleaf configuration, or set spring.thymeleaf.check-template-location=false)
2023-10-20 09:33:45.515 [restartedMain] INFO  o.s.b.d.a.OptionalLiveReloadServer.startServer - LiveReload server is running on port 35729
2023-10-20 09:33:45.531 [restartedMain] INFO  o.a.coyote.http11.Http11NioProtocol.log - Starting ProtocolHandler ["http-nio-8080"]
2023-10-20 09:33:45.559 [restartedMain] INFO  o.s.b.w.e.tomcat.TomcatWebServer.start - Tomcat started on port(s): 8080 (http) with context path ''
2023-10-20 09:33:45.578 [restartedMain] INFO  MyImdb.demo.DemoApplication.logStarted - Started DemoApplication in 7.584 seconds (process running for 8.139)
2023-10-20 09:33:48.964 [http-nio-8080-exec-1] INFO  o.a.c.c.C.[Tomcat].[localhost].[/].log - Initializing Spring DispatcherServlet 'dispatcherServlet'
2023-10-20 09:33:48.965 [http-nio-8080-exec-1] INFO  o.s.web.servlet.DispatcherServlet.initServletBean - Initializing Servlet 'dispatcherServlet'
2023-10-20 09:33:48.966 [http-nio-8080-exec-1] INFO  o.s.web.servlet.DispatcherServlet.initServletBean - Completed initialization in 1 ms
2023-10-20 09:33:49.218 [http-nio-8080-exec-1] WARN  o.s.w.s.m.s.DefaultHandlerExceptionResolver.logException - Resolved [org.springframework.web.bind.MissingServletRequestParameterException: Required request parameter 'imdb_id' for method parameter type String is not present]
2023-10-20 09:34:14.878 [SpringApplicationShutdownHook] INFO  o.s.o.j.LocalContainerEntityManagerFactoryBean.destroy - Closing JPA EntityManagerFactory for persistence unit 'default'
2023-10-20 09:34:14.883 [SpringApplicationShutdownHook] INFO  com.zaxxer.hikari.HikariDataSource.close - HikariPool-1 - Shutdown initiated...
2023-10-20 09:34:14.890 [SpringApplicationShutdownHook] INFO  com.zaxxer.hikari.HikariDataSource.close - HikariPool-1 - Shutdown completed.
2023-10-20 09:34:47.417 [background-preinit] INFO  o.h.validator.internal.util.Version.<clinit> - HV000001: Hibernate Validator 8.0.0.Final
2023-10-20 09:34:47.457 [restartedMain] INFO  MyImdb.demo.DemoApplication.logStarting - Starting DemoApplication using Java 18.0.2.1 with PID 4276 (C:\Users\diogo.correia\Documents\gh\PersonalImdb\demo\target\classes started by diogo.correia in C:\Users\diogo.correia\Documents\gh\PersonalImdb\demo)
2023-10-20 09:34:47.458 [restartedMain] DEBUG MyImdb.demo.DemoApplication.logStarting - Running with Spring Boot v3.0.1, Spring v6.0.3
2023-10-20 09:34:47.459 [restartedMain] INFO  MyImdb.demo.DemoApplication.logStartupProfileInfo - No active profile set, falling back to 1 default profile: "default"
2023-10-20 09:34:47.516 [restartedMain] INFO  o.s.b.d.e.DevToolsPropertyDefaultsPostProcessor.logTo - Devtools property defaults active! Set 'spring.devtools.add-properties' to 'false' to disable
2023-10-20 09:34:47.516 [restartedMain] INFO  o.s.b.d.e.DevToolsPropertyDefaultsPostProcessor.logTo - For additional web related logging consider setting the 'logging.level.web' property to 'DEBUG'
2023-10-20 09:34:48.203 [restartedMain] INFO  o.s.d.r.c.RepositoryConfigurationDelegate.registerRepositoriesIn - Bootstrapping Spring Data JPA repositories in DEFAULT mode.
2023-10-20 09:34:48.264 [restartedMain] INFO  o.s.d.r.c.RepositoryConfigurationDelegate.registerRepositoriesIn - Finished Spring Data repository scanning in 55 ms. Found 3 JPA repository interfaces.
2023-10-20 09:34:49.207 [restartedMain] INFO  o.s.b.w.e.tomcat.TomcatWebServer.initialize - Tomcat initialized with port(s): 8080 (http)
2023-10-20 09:34:49.227 [restartedMain] INFO  o.a.coyote.http11.Http11NioProtocol.log - Initializing ProtocolHandler ["http-nio-8080"]
2023-10-20 09:34:49.229 [restartedMain] INFO  o.a.catalina.core.StandardService.log - Starting service [Tomcat]
2023-10-20 09:34:49.232 [restartedMain] INFO  o.a.catalina.core.StandardEngine.log - Starting Servlet engine: [Apache Tomcat/10.1.4]
2023-10-20 09:34:49.348 [restartedMain] INFO  o.a.c.c.C.[Tomcat].[localhost].[/].log - Initializing Spring embedded WebApplicationContext
2023-10-20 09:34:49.351 [restartedMain] INFO  o.s.b.w.s.c.ServletWebServerApplicationContext.prepareWebApplicationContext - Root WebApplicationContext: initialization completed in 1832 ms
2023-10-20 09:34:49.553 [restartedMain] INFO  o.h.jpa.internal.util.LogHelper.logPersistenceUnitInformation - HHH000204: Processing PersistenceUnitInfo [name: default]
2023-10-20 09:34:49.617 [restartedMain] INFO  org.hibernate.Version.logVersion - HHH000412: Hibernate ORM core version 6.1.6.Final
2023-10-20 09:34:49.845 [restartedMain] WARN  org.hibernate.orm.deprecation.lambda$new$1 - HHH90000021: Encountered deprecated setting [javax.persistence.sharedCache.mode], use [jakarta.persistence.sharedCache.mode] instead
2023-10-20 09:34:49.988 [restartedMain] INFO  com.zaxxer.hikari.HikariDataSource.getConnection - HikariPool-1 - Starting...
2023-10-20 09:34:50.301 [restartedMain] INFO  com.zaxxer.hikari.pool.HikariPool.checkFailFast - HikariPool-1 - Added connection com.mysql.cj.jdbc.ConnectionImpl@304a5bc7
2023-10-20 09:34:50.303 [restartedMain] INFO  com.zaxxer.hikari.HikariDataSource.getConnection - HikariPool-1 - Start completed.
2023-10-20 09:34:50.367 [restartedMain] INFO  SQL dialect.logSelectedDialect - HHH000400: Using dialect: org.hibernate.dialect.MySQLDialect
2023-10-20 09:34:51.529 [restartedMain] INFO  o.h.e.t.j.p.i.JtaPlatformInitiator.initiateService - HHH000490: Using JtaPlatform implementation: [org.hibernate.engine.transaction.jta.platform.internal.NoJtaPlatform]
2023-10-20 09:34:51.538 [restartedMain] INFO  o.s.o.j.LocalContainerEntityManagerFactoryBean.buildNativeEntityManagerFactory - Initialized JPA EntityManagerFactory for persistence unit 'default'
2023-10-20 09:34:52.241 [restartedMain] DEBUG M.d.config.JwtAuthenticationFilter.init - Filter 'jwtAuthenticationFilter' configured for use
2023-10-20 09:34:52.795 [restartedMain] WARN  o.s.b.a.o.j.JpaBaseConfiguration$JpaWebConfiguration.openEntityManagerInViewInterceptor - spring.jpa.open-in-view is enabled by default. Therefore, database queries may be performed during view rendering. Explicitly configure spring.jpa.open-in-view to disable this warning
2023-10-20 09:34:53.083 [restartedMain] INFO  o.s.s.web.DefaultSecurityFilterChain.<init> - Will secure any request with [org.springframework.security.web.session.DisableEncodeUrlFilter@2cf6a03d, org.springframework.security.web.context.request.async.WebAsyncManagerIntegrationFilter@6634c17d, org.springframework.security.web.context.SecurityContextHolderFilter@5f09e631, org.springframework.security.web.header.HeaderWriterFilter@74653982, org.springframework.web.filter.CorsFilter@153b51b7, org.springframework.security.web.authentication.logout.LogoutFilter@5ea58a00, MyImdb.demo.config.JwtAuthenticationFilter@7ddb333e, org.springframework.security.web.savedrequest.RequestCacheAwareFilter@2cba86cb, org.springframework.security.web.servletapi.SecurityContextHolderAwareRequestFilter@53d5089c, org.springframework.security.web.authentication.AnonymousAuthenticationFilter@63e1d760, org.springframework.security.web.session.SessionManagementFilter@7299b820, org.springframework.security.web.access.ExceptionTranslationFilter@35b717db, org.springframework.security.web.access.intercept.AuthorizationFilter@1697c32]
2023-10-20 09:34:53.266 [restartedMain] WARN  o.s.b.a.t.ThymeleafAutoConfiguration$DefaultTemplateResolverConfiguration.checkTemplateLocationExists - Cannot find template location: classpath:/templates/ (please add some templates, check your Thymeleaf configuration, or set spring.thymeleaf.check-template-location=false)
2023-10-20 09:34:53.578 [restartedMain] INFO  o.s.b.d.a.OptionalLiveReloadServer.startServer - LiveReload server is running on port 35729
2023-10-20 09:34:53.593 [restartedMain] INFO  o.a.coyote.http11.Http11NioProtocol.log - Starting ProtocolHandler ["http-nio-8080"]
2023-10-20 09:34:53.628 [restartedMain] INFO  o.s.b.w.e.tomcat.TomcatWebServer.start - Tomcat started on port(s): 8080 (http) with context path ''
2023-10-20 09:34:53.651 [restartedMain] INFO  MyImdb.demo.DemoApplication.logStarted - Started DemoApplication in 6.634 seconds (process running for 7.081)
2023-10-20 09:34:55.902 [http-nio-8080-exec-1] INFO  o.a.c.c.C.[Tomcat].[localhost].[/].log - Initializing Spring DispatcherServlet 'dispatcherServlet'
2023-10-20 09:34:55.902 [http-nio-8080-exec-1] INFO  o.s.web.servlet.DispatcherServlet.initServletBean - Initializing Servlet 'dispatcherServlet'
2023-10-20 09:34:55.904 [http-nio-8080-exec-1] INFO  o.s.web.servlet.DispatcherServlet.initServletBean - Completed initialization in 1 ms
2023-10-20 09:34:56.119 [http-nio-8080-exec-1] INFO  M.demo.controller.MovieController.addMovie - [POST] - Add a new movie by user 1
2023-10-20 09:34:57.107 [http-nio-8080-exec-1] INFO  MyImdb.demo.service.MovieService.addMovie - Adding the movie with the imdb_id tt6723592 to the database
2023-10-20 09:35:47.608 [http-nio-8080-exec-5] INFO  M.demo.controller.MovieController.getAllMovies - [GET] - Get all movies 
2023-10-20 09:35:58.072 [SpringApplicationShutdownHook] INFO  o.s.o.j.LocalContainerEntityManagerFactoryBean.destroy - Closing JPA EntityManagerFactory for persistence unit 'default'
2023-10-20 09:35:58.075 [SpringApplicationShutdownHook] INFO  com.zaxxer.hikari.HikariDataSource.close - HikariPool-1 - Shutdown initiated...
2023-10-20 09:35:58.082 [SpringApplicationShutdownHook] INFO  com.zaxxer.hikari.HikariDataSource.close - HikariPool-1 - Shutdown completed.
